2025-06-13 11:54:08.309 INFO  [4135518] [U4Tree::Create@214] [new U4Tree
2025-06-13 11:54:08.309 INFO  [4135518] [U4Tree::init@270] -initRayleigh
2025-06-13 11:54:08.309 INFO  [4135518] [U4Tree::init@272] -initMaterials
2025-06-13 11:54:08.312 INFO  [4135518] [U4Tree::init@274] -initMaterials_NoRINDEX
2025-06-13 11:54:08.312 INFO  [4135518] [U4Tree::init@277] -initScint
2025-06-13 11:54:08.312 INFO  [4135518] [U4Tree::init@280] -initSurfaces
2025-06-13 11:54:08.312 INFO  [4135518] [U4Tree::init@283] -initSolids
2025-06-13 11:54:08.313 INFO  [4135518] [U4Tree::init@285] -initNodes
2025-06-13 11:54:08.313 INFO  [4135518] [U4Tree::init@287] -initSurfaces_Serialize
2025-06-13 11:54:08.313 INFO  [4135518] [U4Tree::init@290] -initStandard
2025-06-13 11:54:08.314 INFO  [4135518] [U4Tree::Create@216] ]new U4Tree
2025-06-13 11:54:08.314 INFO  [4135518] [U4Tree::Create@218] [stree::factorize
2025-06-13 11:54:08.314 INFO  [4135518] [U4Tree::Create@220] ]stree::factorize
2025-06-13 11:54:08.314 INFO  [4135518] [U4Tree::Create@222] [U4Tree::identifySensitive
2025-06-13 11:54:08.314 INFO  [4135518] [U4Tree::Create@224] ]U4Tree::identifySensitive
2025-06-13 11:54:08.314 INFO  [4135518] [U4Tree::Create@227] [stree::add_inst
2025-06-13 11:54:08.314 INFO  [4135518] [U4Tree::Create@229] ]stree::add_inst
2025-06-13 11:54:08.314 INFO  [4135518] [U4Tree::Create@234] [stree::postcreate
2025-06-13 11:54:08.314 INFO  [4135518] [U4Tree::Create@236] ]stree::postcreate
2025-06-13 17:01:20.177 INFO  [571127] [U4Tree::Create@214] [new U4Tree
2025-06-13 17:01:20.178 INFO  [571127] [U4Tree::init@270] -initRayleigh
2025-06-13 17:01:20.178 INFO  [571127] [U4Tree::init@272] -initMaterials
2025-06-13 17:01:20.181 INFO  [571127] [U4Tree::init@274] -initMaterials_NoRINDEX
2025-06-13 17:01:20.181 INFO  [571127] [U4Tree::init@277] -initScint
2025-06-13 17:01:20.181 INFO  [571127] [U4Tree::init@280] -initSurfaces
2025-06-13 17:01:20.181 INFO  [571127] [U4Tree::init@283] -initSolids
2025-06-13 17:01:20.181 INFO  [571127] [U4Tree::init@285] -initNodes
2025-06-13 17:01:20.181 INFO  [571127] [U4Tree::init@287] -initSurfaces_Serialize
2025-06-13 17:01:20.182 INFO  [571127] [U4Tree::init@290] -initStandard
2025-06-13 17:01:20.183 INFO  [571127] [U4Tree::Create@216] ]new U4Tree
2025-06-13 17:01:20.183 INFO  [571127] [U4Tree::Create@218] [stree::factorize
2025-06-13 17:01:20.183 INFO  [571127] [U4Tree::Create@220] ]stree::factorize
2025-06-13 17:01:20.183 INFO  [571127] [U4Tree::Create@222] [U4Tree::identifySensitive
2025-06-13 17:01:20.183 INFO  [571127] [U4Tree::Create@224] ]U4Tree::identifySensitive
2025-06-13 17:01:20.183 INFO  [571127] [U4Tree::Create@227] [stree::add_inst
2025-06-13 17:01:20.183 INFO  [571127] [U4Tree::Create@229] ]stree::add_inst
2025-06-13 17:01:20.183 INFO  [571127] [U4Tree::Create@234] [stree::postcreate
2025-06-13 17:01:20.183 INFO  [571127] [U4Tree::Create@236] ]stree::postcreate
2025-06-13 17:01:38.273 ERROR [571127] [QSim::UploadComponents@156]  icdf null, snam::ICDF icdf.npy
2025-06-13 17:01:38.339 INFO  [571127] [G4CXOpticks::setGeometry_@352] [ G4CXOpticks__setGeometry_saveGeometry 
2025-06-13 17:01:38.339 INFO  [571127] [G4CXOpticks::saveGeometry@497] [ /home/argon/.opticks/GEOM/QPIX
2025-06-13 17:01:38.340 INFO  [571127] [U4GDML::write@291] Disabling GDXML kludge fix, as Geant4 version 1111>= 1100  U4GDML_GDXML_FIX_DISABLE 1 U4GDML_GDXML_FIX 0
2025-06-13 17:01:38.340 INFO  [571127] [U4GDML::write@311]  NOT Applying GDXML::Fix  dstpath /home/argon/.opticks/GEOM/QPIX/origin.gdml
2025-06-13 17:01:38.340 INFO  [571127] [U4GDML::write_@318] [
2025-06-13 17:01:38.340 INFO  [571127] [U4GDML::write_@327]  path /home/argon/.opticks/GEOM/QPIX/origin.gdml exists NO  rc 0
2025-06-13 17:01:38.342 INFO  [571127] [U4GDML::write_@335] ]
2025-06-13 17:01:38.344 INFO  [571127] [G4CXOpticks::setGeometry_@354] ] G4CXOpticks__setGeometry_saveGeometry 
2025-06-13 17:01:38.344 INFO  [571127] [G4CXOpticks::setGeometry@269] CSGOptiX::Desc Version 7 NOT:WITH_CUSTOM4 
